2024-12-23T11:59:08.070Z  info: Log ma'lumotlar
2024-12-23T11:59:08.076Z  error: Error Ma'lumotlari
2024-12-23T11:59:08.078Z  warn: Warn ma'lumotlar
2024-12-23T11:59:08.079Z  info: Info ma'lumotlar
2024-12-23T11:59:25.346Z  error: Expected ',' or '}' after property value in JSON at position 63 (line 3 column 13)
2024-12-23T12:02:37.730Z  info: Log ma'lumotlar
2024-12-23T12:02:37.734Z  error: Error Ma'lumotlari
2024-12-23T12:02:37.735Z  warn: Warn ma'lumotlar
2024-12-23T12:02:37.735Z  info: Info ma'lumotlar
2024-12-23T19:23:18.175Z  info: Log ma'lumotlar
2024-12-23T19:23:18.179Z  error: Error Ma'lumotlari
2024-12-23T19:23:18.181Z  warn: Warn ma'lumotlar
2024-12-23T19:23:18.182Z  info: Info ma'lumotlar
2024-12-23T19:23:19.944Z  info: Log ma'lumotlar
2024-12-23T19:23:19.946Z  error: Error Ma'lumotlari
2024-12-23T19:23:19.947Z  warn: Warn ma'lumotlar
2024-12-23T19:23:19.948Z  info: Info ma'lumotlar
2024-12-23T19:23:49.789Z  error: Expected ',' or '}' after property value in JSON at position 63 (line 3 column 13)
2024-12-23T19:23:52.333Z  info: Log ma'lumotlar
2024-12-23T19:23:52.337Z  error: Error Ma'lumotlari
2024-12-23T19:23:52.338Z  warn: Warn ma'lumotlar
2024-12-23T19:23:52.338Z  info: Info ma'lumotlar
2024-12-23T19:33:06.975Z  info: Log ma'lumotlar
2024-12-23T19:33:06.979Z  error: Error Ma'lumotlari
2024-12-23T19:33:06.980Z  warn: Warn ma'lumotlar
2024-12-23T19:33:06.980Z  info: Info ma'lumotlar
2024-12-23T19:33:25.891Z  error: Expected ',' or '}' after property value in JSON at position 63 (line 3 column 13)
2024-12-23T19:38:40.906Z  info: Log ma'lumotlar
2024-12-23T19:38:40.909Z  error: Error Ma'lumotlari
2024-12-23T19:38:40.910Z  warn: Warn ma'lumotlar
2024-12-23T19:38:40.910Z  info: Info ma'lumotlar
2024-12-23T19:39:20.295Z  error: unhandledRejection: unhandledRejection example
Error: unhandledRejection example
    at C:\Users\Ahror\OneDrive\Desktop\Najot_talim\Result\ITINFO\controllers\author.controller.js:106:14
    at new Promise (<anonymous>)
    at loginAuthor (C:\Users\Ahror\OneDrive\Desktop\Najot_talim\Result\ITINFO\controllers\author.controller.js:105:5)
    at process.processTicksAndRejections (node:internal/process/task_queues:105:5)
2024-12-23T19:39:49.100Z  info: Log ma'lumotlar
2024-12-23T19:39:49.104Z  error: Error Ma'lumotlari
2024-12-23T19:39:49.105Z  warn: Warn ma'lumotlar
2024-12-23T19:39:49.106Z  info: Info ma'lumotlar
2024-12-23T19:39:55.393Z  error: unhandledRejection: unhandledRejection example
Error: unhandledRejection example
    at C:\Users\Ahror\OneDrive\Desktop\Najot_talim\Result\ITINFO\controllers\author.controller.js:106:14
    at new Promise (<anonymous>)
    at loginAuthor (C:\Users\Ahror\OneDrive\Desktop\Najot_talim\Result\ITINFO\controllers\author.controller.js:105:5)
    at process.processTicksAndRejections (node:internal/process/task_queues:105:5)
2024-12-24T05:04:44.394Z  info: Log ma'lumotlar
2024-12-24T05:04:44.396Z  error: Error Ma'lumotlari
2024-12-24T05:04:44.397Z  warn: Warn ma'lumotlar
2024-12-24T05:04:44.397Z  info: Info ma'lumotlar
2024-12-24T05:05:15.575Z  info: Log ma'lumotlar
2024-12-24T05:05:15.577Z  error: Error Ma'lumotlari
2024-12-24T05:05:15.578Z  warn: Warn ma'lumotlar
2024-12-24T05:05:15.578Z  info: Info ma'lumotlar
2024-12-24T05:05:18.520Z  info: Log ma'lumotlar
2024-12-24T05:05:18.523Z  error: Error Ma'lumotlari
2024-12-24T05:05:18.523Z  warn: Warn ma'lumotlar
2024-12-24T05:05:18.523Z  info: Info ma'lumotlar
2024-12-24T05:05:39.297Z  error: unhandledRejection: unhandledRejection example
Error: unhandledRejection example
    at C:\Users\Ahror\OneDrive\Desktop\Najot_talim\Result\ITINFO\controllers\author.controller.js:106:14
    at new Promise (<anonymous>)
    at loginAuthor (C:\Users\Ahror\OneDrive\Desktop\Najot_talim\Result\ITINFO\controllers\author.controller.js:105:5)
    at process.processTicksAndRejections (node:internal/process/task_queues:105:5)
2024-12-24T05:05:40.825Z  info: Log ma'lumotlar
2024-12-24T05:05:40.828Z  error: Error Ma'lumotlari
2024-12-24T05:05:40.829Z  warn: Warn ma'lumotlar
2024-12-24T05:05:40.829Z  info: Info ma'lumotlar
2024-12-24T05:10:00.787Z  error: Expected ',' or '}' after property value in JSON at position 58 (line 3 column 5)
2024-12-24T07:24:41.290Z  info: Log ma'lumotlar
2024-12-24T07:24:41.293Z  error: Error Ma'lumotlari
2024-12-24T07:24:41.294Z  warn: Warn ma'lumotlar
2024-12-24T07:24:41.294Z  info: Info ma'lumotlar
2024-12-24T07:24:42.557Z  info: Log ma'lumotlar
2024-12-24T07:24:42.560Z  error: Error Ma'lumotlari
2024-12-24T07:24:42.560Z  warn: Warn ma'lumotlar
2024-12-24T07:24:42.560Z  info: Info ma'lumotlar
2024-12-24T10:33:11.246Z  info: Log ma'lumotlar
2024-12-24T10:33:11.249Z  error: Error Ma'lumotlari
2024-12-24T10:33:11.251Z  warn: Warn ma'lumotlar
2024-12-24T10:33:11.252Z  info: Info ma'lumotlar
2024-12-24T10:33:13.066Z  info: Log ma'lumotlar
2024-12-24T10:33:13.069Z  error: Error Ma'lumotlari
2024-12-24T10:33:13.070Z  warn: Warn ma'lumotlar
2024-12-24T10:33:13.070Z  info: Info ma'lumotlar
2024-12-24T11:19:13.506Z  error: Cast to string failed for value "{}" (type Object) at path "author_email" for model "Author"
2024-12-24T11:20:06.824Z  error: Cast to string failed for value "{}" (type Object) at path "author_email" for model "Author"
2024-12-24T11:24:49.390Z  error: Cast to string failed for value "{}" (type Object) at path "author_email" for model "Author"
2024-12-24T11:24:50.122Z  error: Cast to string failed for value "{}" (type Object) at path "author_email" for model "Author"
2024-12-24T11:24:50.906Z  error: Cast to string failed for value "{}" (type Object) at path "author_email" for model "Author"
2024-12-24T11:24:56.143Z  error: Cast to string failed for value "{}" (type Object) at path "author_email" for model "Author"
2024-12-24T11:25:04.135Z  error: Cast to string failed for value "{}" (type Object) at path "author_email" for model "Author"
2024-12-24T11:29:56.445Z  error: Cast to string failed for value "{}" (type Object) at path "author_email" for model "Author"
2024-12-24T11:30:18.187Z  error: Cast to string failed for value "{}" (type Object) at path "author_email" for model "Author"
2024-12-24T11:32:47.489Z  error: Cast to string failed for value "{}" (type Object) at path "author_email" for model "Author"
2024-12-25T08:00:59.149Z  error: "author_password" must be a string. " is_expert" is not allowed. " author_is_active" is not allowed
2024-12-25T08:01:29.826Z  error: Invalid login: 535-5.7.8 Username and Password not accepted. For more information, go to
535 5.7.8  https://support.google.com/mail/?p=BadCredentials 38308e7fff4ca-3045ad9bbf4sm18515041fa.30 - gsmtp
2024-12-25T08:19:51.132Z  error: Cannot combine string with boolean
2024-12-25T08:20:02.980Z  error: Cannot combine string with boolean
2024-12-25T08:22:20.328Z  error: Cannot combine string with boolean
2024-12-25T08:22:28.867Z  error: Cannot combine string with boolean
2024-12-25T08:22:57.030Z  error: Cannot combine string with boolean
2024-12-25T08:23:03.214Z  error: Cannot combine string with boolean
2024-12-25T08:24:03.726Z  error: Cannot combine string with boolean
2024-12-25T08:24:08.616Z  error: Cannot combine string with boolean
2024-12-25T08:24:12.497Z  error: Cannot combine string with boolean
2024-12-25T08:24:47.247Z  error: Cannot combine string with boolean
2024-12-25T08:29:07.629Z  error: Cannot combine string with boolean
2024-12-25T08:29:53.334Z  error: Cannot combine string with boolean
2024-12-25T08:46:55.867Z  error: Cannot combine string with boolean
2024-12-25T08:51:01.389Z  error: Cannot combine string with boolean
2024-12-25T08:51:02.402Z  error: Cannot combine string with boolean
2024-12-25T08:51:03.194Z  error: Cannot combine string with boolean
2024-12-25T08:51:03.677Z  error: Cannot combine string with boolean
2024-12-25T08:51:04.480Z  error: Cannot combine string with boolean
2024-12-25T09:42:58.239Z  error: Invalid login: 535-5.7.8 Username and Password not accepted. For more information, go to
535 5.7.8  https://support.google.com/mail/?p=BadCredentials 38308e7fff4ca-3045ad6cccasm19131031fa.1 - gsmtp
2024-12-25T09:43:22.606Z  error: E11000 duplicate key error collection: ITIINFO.authors index: author_phone_1 dup key: { author_phone: "94-628-31-77" }
2024-12-25T09:43:34.879Z  error: Invalid login: 535-5.7.8 Username and Password not accepted. For more information, go to
535 5.7.8  https://support.google.com/mail/?p=BadCredentials 2adb3069b0e04-542238215f2sm1805426e87.199 - gsmtp
2024-12-25T11:10:14.989Z  error: Cannot populate path `expert_id` because it is not in your schema. Set the `strictPopulate` option to false to override.
2024-12-25T11:10:22.459Z  error: Cannot populate path `expert_id` because it is not in your schema. Set the `strictPopulate` option to false to override.
2024-12-25T11:43:22.415Z  error: Cannot populate path `expert_id` because it is not in your schema. Set the `strictPopulate` option to false to override.
2024-12-26T12:29:07.902Z  error: "admin_password" must be a string
